# JRE version: OpenJDK Runtime Environment (8.0_242-b01) (build 1.8.0_242-release-1644-b01)
# Java VM: OpenJDK 64-Bit Server VM (25.242-b01 mixed mode windows-amd64 compressed oops)
Heap:
 PSYoungGen      total 573952K, used 269762K [0x00000000d5580000, 0x00000000fff80000, 0x0000000100000000)
  eden space 532480K, 47% used [0x00000000d5580000,0x00000000e4bf0c08,0x00000000f5d80000)
  from space 41472K, 41% used [0x00000000f5d80000,0x00000000f6e7fe98,0x00000000f8600000)
  to   space 39424K, 0% used [0x00000000fd900000,0x00000000fd900000,0x00000000fff80000)
 ParOldGen       total 185856K, used 110330K [0x0000000080000000, 0x000000008b580000, 0x00000000d5580000)
  object space 185856K, 59% used [0x0000000080000000,0x0000000086bbe880,0x000000008b580000)
 Metaspace       used 79907K, capacity 84178K, committed 84568K, reserved 1122304K
  class space    used 10751K, capacity 11530K, committed 11648K, reserved 1048576K
GC Heap History (10 events):
Event: 27.302 GC heap before
{Heap before GC invocations=19 (full 4):
 PSYoungGen      total 382976K, used 34771K [0x00000000d5580000, 0x00000000f6c00000, 0x0000000100000000)
  eden space 340992K, 0% used [0x00000000d5580000,0x00000000d5580000,0x00000000ea280000)
  from space 41984K, 82% used [0x00000000ea280000,0x00000000ec474e60,0x00000000ecb80000)
  to   space 46592K, 0% used [0x00000000f3e80000,0x00000000f3e80000,0x00000000f6c00000)
 ParOldGen       total 92672K, used 91407K [0x0000000080000000, 0x0000000085a80000, 0x00000000d5580000)
  object space 92672K, 98% used [0x0000000080000000,0x0000000085943f00,0x0000000085a80000)
 Metaspace       used 78884K, capacity 83314K, committed 83544K, reserved 1122304K
  class space    used 10735K, capacity 11544K, committed 11648K, reserved 1048576K
Event: 27.877 GC heap after
Heap after GC invocations=19 (full 4):
 PSYoungGen      total 382976K, used 2889K [0x00000000d5580000, 0x00000000f6c00000, 0x0000000100000000)
  eden space 340992K, 0% used [0x00000000d5580000,0x00000000d5580000,0x00000000ea280000)
  from space 41984K, 6% used [0x00000000ea280000,0x00000000ea552688,0x00000000ecb80000)
  to   space 46592K, 0% used [0x00000000f3e80000,0x00000000f3e80000,0x00000000f6c00000)
 ParOldGen       total 185856K, used 92447K [0x0000000080000000, 0x000000008b580000, 0x00000000d5580000)
  object space 185856K, 49% used [0x0000000080000000,0x0000000085a47c10,0x000000008b580000)
 Metaspace       used 78534K, capacity 82434K, committed 83544K, reserved 1122304K
  class space    used 10614K, capacity 11330K, committed 11648K, reserved 1048576K
}
Event: 30.102 GC heap before
{Heap before GC invocations=20 (full 4):
 PSYoungGen      total 382976K, used 343881K [0x00000000d5580000, 0x00000000f6c00000, 0x0000000100000000)
  eden space 340992K, 100% used [0x00000000d5580000,0x00000000ea280000,0x00000000ea280000)
  from space 41984K, 6% used [0x00000000ea280000,0x00000000ea552688,0x00000000ecb80000)
  to   space 46592K, 0% used [0x00000000f3e80000,0x00000000f3e80000,0x00000000f6c00000)
 ParOldGen       total 185856K, used 92447K [0x0000000080000000, 0x000000008b580000, 0x00000000d5580000)
  object space 185856K, 49% used [0x0000000080000000,0x0000000085a47c10,0x000000008b580000)
 Metaspace       used 79400K, capacity 83672K, committed 84056K, reserved 1122304K
  class space    used 10734K, capacity 11523K, committed 11648K, reserved 1048576K
Event: 30.184 GC heap after
Heap after GC invocations=20 (full 4):
 PSYoungGen      total 488448K, used 12445K [0x00000000d5580000, 0x00000000f6400000, 0x0000000100000000)
  eden space 450048K, 0% used [0x00000000d5580000,0x00000000d5580000,0x00000000f0d00000)
  from space 38400K, 32% used [0x00000000f3e80000,0x00000000f4aa77e8,0x00000000f6400000)
  to   space 44544K, 0% used [0x00000000f0d00000,0x00000000f0d00000,0x00000000f3880000)
 ParOldGen       total 185856K, used 92785K [0x0000000080000000, 0x000000008b580000, 0x00000000d5580000)
  object space 185856K, 49% used [0x0000000080000000,0x0000000085a9c4b0,0x000000008b580000)
 Metaspace       used 79400K, capacity 83672K, committed 84056K, reserved 1122304K
  class space    used 10734K, capacity 11523K, committed 11648K, reserved 1048576K
}
Event: 32.369 GC heap before
{Heap before GC invocations=21 (full 4):
 PSYoungGen      total 488448K, used 462493K [0x00000000d5580000, 0x00000000f6400000, 0x0000000100000000)
  eden space 450048K, 100% used [0x00000000d5580000,0x00000000f0d00000,0x00000000f0d00000)
  from space 38400K, 32% used [0x00000000f3e80000,0x00000000f4aa77e8,0x00000000f6400000)
  to   space 44544K, 0% used [0x00000000f0d00000,0x00000000f0d00000,0x00000000f3880000)
 ParOldGen       total 185856K, used 92785K [0x0000000080000000, 0x000000008b580000, 0x00000000d5580000)
  object space 185856K, 49% used [0x0000000080000000,0x0000000085a9c4b0,0x000000008b580000)
 Metaspace       used 79516K, capacity 83766K, committed 84312K, reserved 1122304K
  class space    used 10750K, capacity 11530K, committed 11648K, reserved 1048576K
Event: 32.439 GC heap after
Heap after GC invocations=21 (full 4):
 PSYoungGen      total 494592K, used 10287K [0x00000000d5580000, 0x00000000fb980000, 0x0000000100000000)
  eden space 450048K, 0% used [0x00000000d5580000,0x00000000d5580000,0x00000000f0d00000)
  from space 44544K, 23% used [0x00000000f0d00000,0x00000000f170bfa0,0x00000000f3880000)
  to   space 42496K, 0% used [0x00000000f9000000,0x00000000f9000000,0x00000000fb980000)
 ParOldGen       total 185856K, used 102827K [0x0000000080000000, 0x000000008b580000, 0x00000000d5580000)
  object space 185856K, 55% used [0x0000000080000000,0x000000008646afa8,0x000000008b580000)
 Metaspace       used 79516K, capacity 83766K, committed 84312K, reserved 1122304K
  class space    used 10750K, capacity 11530K, committed 11648K, reserved 1048576K
}
Event: 35.237 GC heap before
{Heap before GC invocations=22 (full 4):
 PSYoungGen      total 494592K, used 460335K [0x00000000d5580000, 0x00000000fb980000, 0x0000000100000000)
  eden space 450048K, 100% used [0x00000000d5580000,0x00000000f0d00000,0x00000000f0d00000)
  from space 44544K, 23% used [0x00000000f0d00000,0x00000000f170bfa0,0x00000000f3880000)
  to   space 42496K, 0% used [0x00000000f9000000,0x00000000f9000000,0x00000000fb980000)
 ParOldGen       total 185856K, used 102827K [0x0000000080000000, 0x000000008b580000, 0x00000000d5580000)
  object space 185856K, 55% used [0x0000000080000000,0x000000008646afa8,0x000000008b580000)
 Metaspace       used 79646K, capacity 83910K, committed 84312K, reserved 1122304K
  class space    used 10750K, capacity 11530K, committed 11648K, reserved 1048576K
Event: 35.272 GC heap after
Heap after GC invocations=22 (full 4):
 PSYoungGen      total 563712K, used 8680K [0x00000000d5580000, 0x00000000fae80000, 0x0000000100000000)
  eden space 532480K, 0% used [0x00000000d5580000,0x00000000d5580000,0x00000000f5d80000)
  from space 31232K, 27% used [0x00000000f9000000,0x00000000f987a0f8,0x00000000fae80000)
  to   space 41472K, 0% used [0x00000000f5d80000,0x00000000f5d80000,0x00000000f8600000)
 ParOldGen       total 185856K, used 110330K [0x0000000080000000, 0x000000008b580000, 0x00000000d5580000)
  object space 185856K, 59% used [0x0000000080000000,0x0000000086bbe880,0x000000008b580000)
 Metaspace       used 79646K, capacity 83910K, committed 84312K, reserved 1122304K
  class space    used 10750K, capacity 11530K, committed 11648K, reserved 1048576K
}
Event: 39.401 GC heap before
{Heap before GC invocations=23 (full 4):
 PSYoungGen      total 563712K, used 541160K [0x00000000d5580000, 0x00000000fae80000, 0x0000000100000000)
  eden space 532480K, 100% used [0x00000000d5580000,0x00000000f5d80000,0x00000000f5d80000)
  from space 31232K, 27% used [0x00000000f9000000,0x00000000f987a0f8,0x00000000fae80000)
  to   space 41472K, 0% used [0x00000000f5d80000,0x00000000f5d80000,0x00000000f8600000)
 ParOldGen       total 185856K, used 110330K [0x0000000080000000, 0x000000008b580000, 0x00000000d5580000)
  object space 185856K, 59% used [0x0000000080000000,0x0000000086bbe880,0x000000008b580000)
 Metaspace       used 79860K, capacity 84178K, committed 84568K, reserved 1122304K
  class space    used 10751K, capacity 11530K, committed 11648K, reserved 1048576K
Event: 39.444 GC heap after
Heap after GC invocations=23 (full 4):
 PSYoungGen      total 573952K, used 17407K [0x00000000d5580000, 0x00000000fff80000, 0x0000000100000000)
  eden space 532480K, 0% used [0x00000000d5580000,0x00000000d5580000,0x00000000f5d80000)
  from space 41472K, 41% used [0x00000000f5d80000,0x00000000f6e7fe98,0x00000000f8600000)
  to   space 39424K, 0% used [0x00000000fd900000,0x00000000fd900000,0x00000000fff80000)
 ParOldGen       total 185856K, used 110330K [0x0000000080000000, 0x000000008b580000, 0x00000000d5580000)
  object space 185856K, 59% used [0x0000000080000000,0x0000000086bbe880,0x000000008b580000)
 Metaspace       used 79860K, capacity 84178K, committed 84568K, reserved 1122304K
  class space    used 10751K, capacity 11530K, committed 11648K, reserved 1048576K
}

