# JRE version: OpenJDK Runtime Environment (8.0_242-b01) (build 1.8.0_242-release-1644-b01)
# Java VM: OpenJDK 64-Bit Server VM (25.242-b01 mixed mode windows-amd64 compressed oops)
Heap:
 PSYoungGen      total 164864K, used 8566K [0x00000000d5580000, 0x00000000e2c80000, 0x0000000100000000)
  eden space 134656K, 6% used [0x00000000d5580000,0x00000000d5ddd888,0x00000000dd900000)
  from space 30208K, 0% used [0x00000000dd900000,0x00000000dd900000,0x00000000df680000)
  to   space 29184K, 0% used [0x00000000e1000000,0x00000000e1000000,0x00000000e2c80000)
 ParOldGen       total 122368K, used 102860K [0x0000000080000000, 0x0000000087780000, 0x00000000d5580000)
  object space 122368K, 84% used [0x0000000080000000,0x00000000864731c0,0x0000000087780000)
 Metaspace       used 100676K, capacity 105820K, committed 106176K, reserved 1140736K
  class space    used 13216K, capacity 14217K, committed 14336K, reserved 1048576K
GC Heap History (10 events):
Event: 766.463 GC heap before
{Heap before GC invocations=28 (full 4):
 PSYoungGen      total 136704K, used 25074K [0x00000000d5580000, 0x00000000dfc80000, 0x0000000100000000)
  eden space 111616K, 0% used [0x00000000d5580000,0x00000000d5580000,0x00000000dc280000)
  from space 25088K, 99% used [0x00000000ddf00000,0x00000000df77ca80,0x00000000df780000)
  to   space 29184K, 0% used [0x00000000dc280000,0x00000000dc280000,0x00000000ddf00000)
 ParOldGen       total 122368K, used 80433K [0x0000000080000000, 0x0000000087780000, 0x00000000d5580000)
  object space 122368K, 65% used [0x0000000080000000,0x0000000084e8c488,0x0000000087780000)
 Metaspace       used 93832K, capacity 98458K, committed 98496K, reserved 1134592K
  class space    used 12335K, capacity 13276K, committed 13312K, reserved 1048576K
Event: 766.771 GC heap after
Heap after GC invocations=28 (full 4):
 PSYoungGen      total 136704K, used 0K [0x00000000d5580000, 0x00000000dfc80000, 0x0000000100000000)
  eden space 111616K, 0% used [0x00000000d5580000,0x00000000d5580000,0x00000000dc280000)
  from space 25088K, 0% used [0x00000000ddf00000,0x00000000ddf00000,0x00000000df780000)
  to   space 29184K, 0% used [0x00000000dc280000,0x00000000dc280000,0x00000000ddf00000)
 ParOldGen       total 122368K, used 75325K [0x0000000080000000, 0x0000000087780000, 0x00000000d5580000)
  object space 122368K, 61% used [0x0000000080000000,0x000000008498f678,0x0000000087780000)
 Metaspace       used 93729K, capacity 98176K, committed 98496K, reserved 1134592K
  class space    used 12302K, capacity 13217K, committed 13312K, reserved 1048576K
}
Event: 768.003 GC heap before
{Heap before GC invocations=29 (full 4):
 PSYoungGen      total 136704K, used 111616K [0x00000000d5580000, 0x00000000dfc80000, 0x0000000100000000)
  eden space 111616K, 100% used [0x00000000d5580000,0x00000000dc280000,0x00000000dc280000)
  from space 25088K, 0% used [0x00000000ddf00000,0x00000000ddf00000,0x00000000df780000)
  to   space 29184K, 0% used [0x00000000dc280000,0x00000000dc280000,0x00000000ddf00000)
 ParOldGen       total 122368K, used 75325K [0x0000000080000000, 0x0000000087780000, 0x00000000d5580000)
  object space 122368K, 61% used [0x0000000080000000,0x000000008498f678,0x0000000087780000)
 Metaspace       used 95123K, capacity 99714K, committed 99904K, reserved 1136640K
  class space    used 12508K, capacity 13428K, committed 13440K, reserved 1048576K
Event: 768.083 GC heap after
Heap after GC invocations=29 (full 4):
 PSYoungGen      total 140800K, used 23410K [0x00000000d5580000, 0x00000000e1600000, 0x0000000100000000)
  eden space 111616K, 0% used [0x00000000d5580000,0x00000000d5580000,0x00000000dc280000)
  from space 29184K, 80% used [0x00000000dc280000,0x00000000dd95ca80,0x00000000ddf00000)
  to   space 31744K, 0% used [0x00000000df700000,0x00000000df700000,0x00000000e1600000)
 ParOldGen       total 122368K, used 75333K [0x0000000080000000, 0x0000000087780000, 0x00000000d5580000)
  object space 122368K, 61% used [0x0000000080000000,0x0000000084991678,0x0000000087780000)
 Metaspace       used 95123K, capacity 99714K, committed 99904K, reserved 1136640K
  class space    used 12508K, capacity 13428K, committed 13440K, reserved 1048576K
}
Event: 771.375 GC heap before
{Heap before GC invocations=30 (full 4):
 PSYoungGen      total 140800K, used 135026K [0x00000000d5580000, 0x00000000e1600000, 0x0000000100000000)
  eden space 111616K, 100% used [0x00000000d5580000,0x00000000dc280000,0x00000000dc280000)
  from space 29184K, 80% used [0x00000000dc280000,0x00000000dd95ca80,0x00000000ddf00000)
  to   space 31744K, 0% used [0x00000000df700000,0x00000000df700000,0x00000000e1600000)
 ParOldGen       total 122368K, used 75333K [0x0000000080000000, 0x0000000087780000, 0x00000000d5580000)
  object space 122368K, 61% used [0x0000000080000000,0x0000000084991678,0x0000000087780000)
 Metaspace       used 100358K, capacity 105580K, committed 105920K, reserved 1140736K
  class space    used 13222K, capacity 14233K, committed 14336K, reserved 1048576K
Event: 771.453 GC heap after
Heap after GC invocations=30 (full 4):
 PSYoungGen      total 164352K, used 11123K [0x00000000d5580000, 0x00000000e1400000, 0x0000000100000000)
  eden space 134656K, 0% used [0x00000000d5580000,0x00000000d5580000,0x00000000dd900000)
  from space 29696K, 37% used [0x00000000df700000,0x00000000e01dce18,0x00000000e1400000)
  to   space 30208K, 0% used [0x00000000dd900000,0x00000000dd900000,0x00000000df680000)
 ParOldGen       total 122368K, used 96852K [0x0000000080000000, 0x0000000087780000, 0x00000000d5580000)
  object space 122368K, 79% used [0x0000000080000000,0x0000000085e95068,0x0000000087780000)
 Metaspace       used 100358K, capacity 105580K, committed 105920K, reserved 1140736K
  class space    used 13222K, capacity 14233K, committed 14336K, reserved 1048576K
}
Event: 772.744 GC heap before
{Heap before GC invocations=31 (full 4):
 PSYoungGen      total 164352K, used 145779K [0x00000000d5580000, 0x00000000e1400000, 0x0000000100000000)
  eden space 134656K, 100% used [0x00000000d5580000,0x00000000dd900000,0x00000000dd900000)
  from space 29696K, 37% used [0x00000000df700000,0x00000000e01dce18,0x00000000e1400000)
  to   space 30208K, 0% used [0x00000000dd900000,0x00000000dd900000,0x00000000df680000)
 ParOldGen       total 122368K, used 96852K [0x0000000080000000, 0x0000000087780000, 0x00000000d5580000)
  object space 122368K, 79% used [0x0000000080000000,0x0000000085e95068,0x0000000087780000)
 Metaspace       used 100800K, capacity 106132K, committed 106176K, reserved 1140736K
  class space    used 13260K, capacity 14293K, committed 14336K, reserved 1048576K
Event: 772.766 GC heap after
Heap after GC invocations=31 (full 4):
 PSYoungGen      total 164864K, used 7525K [0x00000000d5580000, 0x00000000e2c80000, 0x0000000100000000)
  eden space 134656K, 0% used [0x00000000d5580000,0x00000000d5580000,0x00000000dd900000)
  from space 30208K, 24% used [0x00000000dd900000,0x00000000de059658,0x00000000df680000)
  to   space 29184K, 0% used [0x00000000e1000000,0x00000000e1000000,0x00000000e2c80000)
 ParOldGen       total 122368K, used 103601K [0x0000000080000000, 0x0000000087780000, 0x00000000d5580000)
  object space 122368K, 84% used [0x0000000080000000,0x000000008652c5d0,0x0000000087780000)
 Metaspace       used 100800K, capacity 106132K, committed 106176K, reserved 1140736K
  class space    used 13260K, capacity 14293K, committed 14336K, reserved 1048576K
}
Event: 772.767 GC heap before
{Heap before GC invocations=32 (full 5):
 PSYoungGen      total 164864K, used 7525K [0x00000000d5580000, 0x00000000e2c80000, 0x0000000100000000)
  eden space 134656K, 0% used [0x00000000d5580000,0x00000000d5580000,0x00000000dd900000)
  from space 30208K, 24% used [0x00000000dd900000,0x00000000de059658,0x00000000df680000)
  to   space 29184K, 0% used [0x00000000e1000000,0x00000000e1000000,0x00000000e2c80000)
 ParOldGen       total 122368K, used 103601K [0x0000000080000000, 0x0000000087780000, 0x00000000d5580000)
  object space 122368K, 84% used [0x0000000080000000,0x000000008652c5d0,0x0000000087780000)
 Metaspace       used 100800K, capacity 106132K, committed 106176K, reserved 1140736K
  class space    used 13260K, capacity 14293K, committed 14336K, reserved 1048576K
Event: 773.494 GC heap after
Heap after GC invocations=32 (full 5):
 PSYoungGen      total 164864K, used 0K [0x00000000d5580000, 0x00000000e2c80000, 0x0000000100000000)
  eden space 134656K, 0% used [0x00000000d5580000,0x00000000d5580000,0x00000000dd900000)
  from space 30208K, 0% used [0x00000000dd900000,0x00000000dd900000,0x00000000df680000)
  to   space 29184K, 0% used [0x00000000e1000000,0x00000000e1000000,0x00000000e2c80000)
 ParOldGen       total 122368K, used 102860K [0x0000000080000000, 0x0000000087780000, 0x00000000d5580000)
  object space 122368K, 84% used [0x0000000080000000,0x00000000864731c0,0x0000000087780000)
 Metaspace       used 100676K, capacity 105820K, committed 106176K, reserved 1140736K
  class space    used 13216K, capacity 14217K, committed 14336K, reserved 1048576K
}

