# JRE version: OpenJDK Runtime Environment (8.0_242-b01) (build 1.8.0_242-release-1644-b01)
# Java VM: OpenJDK 64-Bit Server VM (25.242-b01 mixed mode windows-amd64 compressed oops)
Heap:
 PSYoungGen      total 67584K, used 6784K [0x00000000d5580000, 0x00000000da700000, 0x0000000100000000)
  eden space 56320K, 0% used [0x00000000d5580000,0x00000000d5580000,0x00000000d8c80000)
  from space 11264K, 60% used [0x00000000d8c80000,0x00000000d93202c0,0x00000000d9780000)
  to   space 10752K, 0% used [0x00000000d9780000,0x00000000d9780000,0x00000000da200000)
 ParOldGen       total 63488K, used 8977K [0x0000000080000000, 0x0000000083e00000, 0x00000000d5580000)
  object space 63488K, 14% used [0x0000000080000000,0x00000000808c4668,0x0000000083e00000)
 Metaspace       used 34206K, capacity 35392K, committed 35416K, reserved 1079296K
  class space    used 4711K, capacity 4973K, committed 4992K, reserved 1048576K
GC Heap History (10 events):
Event: 9.134 GC heap before
{Heap before GC invocations=7 (full 1):
 PSYoungGen      total 42496K, used 8367K [0x00000000d5580000, 0x00000000d8a00000, 0x0000000100000000)
  eden space 32256K, 0% used [0x00000000d5580000,0x00000000d5580000,0x00000000d7500000)
  from space 10240K, 81% used [0x00000000d7f80000,0x00000000d87abc80,0x00000000d8980000)
  to   space 10752K, 0% used [0x00000000d7500000,0x00000000d7500000,0x00000000d7f80000)
 ParOldGen       total 87552K, used 6672K [0x0000000080000000, 0x0000000085580000, 0x00000000d5580000)
  object space 87552K, 7% used [0x0000000080000000,0x0000000080684330,0x0000000085580000)
 Metaspace       used 20479K, capacity 21204K, committed 21248K, reserved 1067008K
  class space    used 2860K, capacity 3048K, committed 3072K, reserved 1048576K
Event: 9.209 GC heap after
Heap after GC invocations=7 (full 1):
 PSYoungGen      total 42496K, used 0K [0x00000000d5580000, 0x00000000d8a00000, 0x0000000100000000)
  eden space 32256K, 0% used [0x00000000d5580000,0x00000000d5580000,0x00000000d7500000)
  from space 10240K, 0% used [0x00000000d7f80000,0x00000000d7f80000,0x00000000d8980000)
  to   space 10752K, 0% used [0x00000000d7500000,0x00000000d7500000,0x00000000d7f80000)
 ParOldGen       total 63488K, used 8937K [0x0000000080000000, 0x0000000083e00000, 0x00000000d5580000)
  object space 63488K, 14% used [0x0000000080000000,0x00000000808ba668,0x0000000083e00000)
 Metaspace       used 20479K, capacity 21204K, committed 21248K, reserved 1067008K
  class space    used 2860K, capacity 3048K, committed 3072K, reserved 1048576K
}
Event: 10.029 GC heap before
{Heap before GC invocations=8 (full 1):
 PSYoungGen      total 42496K, used 32256K [0x00000000d5580000, 0x00000000d8a00000, 0x0000000100000000)
  eden space 32256K, 100% used [0x00000000d5580000,0x00000000d7500000,0x00000000d7500000)
  from space 10240K, 0% used [0x00000000d7f80000,0x00000000d7f80000,0x00000000d8980000)
  to   space 10752K, 0% used [0x00000000d7500000,0x00000000d7500000,0x00000000d7f80000)
 ParOldGen       total 63488K, used 8937K [0x0000000080000000, 0x0000000083e00000, 0x00000000d5580000)
  object space 63488K, 14% used [0x0000000080000000,0x00000000808ba668,0x0000000083e00000)
 Metaspace       used 22466K, capacity 23266K, committed 23424K, reserved 1069056K
  class space    used 3174K, capacity 3375K, committed 3456K, reserved 1048576K
Event: 10.032 GC heap after
Heap after GC invocations=8 (full 1):
 PSYoungGen      total 43008K, used 2740K [0x00000000d5580000, 0x00000000d9880000, 0x0000000100000000)
  eden space 32256K, 0% used [0x00000000d5580000,0x00000000d5580000,0x00000000d7500000)
  from space 10752K, 25% used [0x00000000d7500000,0x00000000d77ad390,0x00000000d7f80000)
  to   space 10752K, 0% used [0x00000000d8e00000,0x00000000d8e00000,0x00000000d9880000)
 ParOldGen       total 63488K, used 8945K [0x0000000080000000, 0x0000000083e00000, 0x00000000d5580000)
  object space 63488K, 14% used [0x0000000080000000,0x00000000808bc668,0x0000000083e00000)
 Metaspace       used 22466K, capacity 23266K, committed 23424K, reserved 1069056K
  class space    used 3174K, capacity 3375K, committed 3456K, reserved 1048576K
}
Event: 11.962 GC heap before
{Heap before GC invocations=9 (full 1):
 PSYoungGen      total 43008K, used 34996K [0x00000000d5580000, 0x00000000d9880000, 0x0000000100000000)
  eden space 32256K, 100% used [0x00000000d5580000,0x00000000d7500000,0x00000000d7500000)
  from space 10752K, 25% used [0x00000000d7500000,0x00000000d77ad390,0x00000000d7f80000)
  to   space 10752K, 0% used [0x00000000d8e00000,0x00000000d8e00000,0x00000000d9880000)
 ParOldGen       total 63488K, used 8945K [0x0000000080000000, 0x0000000083e00000, 0x00000000d5580000)
  object space 63488K, 14% used [0x0000000080000000,0x00000000808bc668,0x0000000083e00000)
 Metaspace       used 28429K, capacity 29354K, committed 29568K, reserved 1075200K
  class space    used 3935K, capacity 4159K, committed 4224K, reserved 1048576K
Event: 11.970 GC heap after
Heap after GC invocations=9 (full 1):
 PSYoungGen      total 55808K, used 6256K [0x00000000d5580000, 0x00000000d9780000, 0x0000000100000000)
  eden space 46080K, 0% used [0x00000000d5580000,0x00000000d5580000,0x00000000d8280000)
  from space 9728K, 64% used [0x00000000d8e00000,0x00000000d941c1b0,0x00000000d9780000)
  to   space 10752K, 0% used [0x00000000d8280000,0x00000000d8280000,0x00000000d8d00000)
 ParOldGen       total 63488K, used 8953K [0x0000000080000000, 0x0000000083e00000, 0x00000000d5580000)
  object space 63488K, 14% used [0x0000000080000000,0x00000000808be668,0x0000000083e00000)
 Metaspace       used 28429K, capacity 29354K, committed 29568K, reserved 1075200K
  class space    used 3935K, capacity 4159K, committed 4224K, reserved 1048576K
}
Event: 14.847 GC heap before
{Heap before GC invocations=10 (full 1):
 PSYoungGen      total 55808K, used 52336K [0x00000000d5580000, 0x00000000d9780000, 0x0000000100000000)
  eden space 46080K, 100% used [0x00000000d5580000,0x00000000d8280000,0x00000000d8280000)
  from space 9728K, 64% used [0x00000000d8e00000,0x00000000d941c1b0,0x00000000d9780000)
  to   space 10752K, 0% used [0x00000000d8280000,0x00000000d8280000,0x00000000d8d00000)
 ParOldGen       total 63488K, used 8953K [0x0000000080000000, 0x0000000083e00000, 0x00000000d5580000)
  object space 63488K, 14% used [0x0000000080000000,0x00000000808be668,0x0000000083e00000)
 Metaspace       used 32146K, capacity 33216K, committed 33408K, reserved 1077248K
  class space    used 4388K, capacity 4647K, committed 4736K, reserved 1048576K
Event: 14.855 GC heap after
Heap after GC invocations=10 (full 1):
 PSYoungGen      total 56832K, used 7576K [0x00000000d5580000, 0x00000000da200000, 0x0000000100000000)
  eden space 46080K, 0% used [0x00000000d5580000,0x00000000d5580000,0x00000000d8280000)
  from space 10752K, 70% used [0x00000000d8280000,0x00000000d89e6160,0x00000000d8d00000)
  to   space 10752K, 0% used [0x00000000d9780000,0x00000000d9780000,0x00000000da200000)
 ParOldGen       total 63488K, used 8961K [0x0000000080000000, 0x0000000083e00000, 0x00000000d5580000)
  object space 63488K, 14% used [0x0000000080000000,0x00000000808c0668,0x0000000083e00000)
 Metaspace       used 32146K, capacity 33216K, committed 33408K, reserved 1077248K
  class space    used 4388K, capacity 4647K, committed 4736K, reserved 1048576K
}
Event: 15.841 GC heap before
{Heap before GC invocations=11 (full 1):
 PSYoungGen      total 56832K, used 53656K [0x00000000d5580000, 0x00000000da200000, 0x0000000100000000)
  eden space 46080K, 100% used [0x00000000d5580000,0x00000000d8280000,0x00000000d8280000)
  from space 10752K, 70% used [0x00000000d8280000,0x00000000d89e6160,0x00000000d8d00000)
  to   space 10752K, 0% used [0x00000000d9780000,0x00000000d9780000,0x00000000da200000)
 ParOldGen       total 63488K, used 8961K [0x0000000080000000, 0x0000000083e00000, 0x00000000d5580000)
  object space 63488K, 14% used [0x0000000080000000,0x00000000808c0668,0x0000000083e00000)
 Metaspace       used 34156K, capacity 35328K, committed 35416K, reserved 1079296K
  class space    used 4704K, capacity 4973K, committed 4992K, reserved 1048576K
Event: 15.864 GC heap after
Heap after GC invocations=11 (full 1):
 PSYoungGen      total 67072K, used 8428K [0x00000000d5580000, 0x00000000da700000, 0x0000000100000000)
  eden space 56320K, 0% used [0x00000000d5580000,0x00000000d5580000,0x00000000d8c80000)
  from space 10752K, 78% used [0x00000000d9780000,0x00000000d9fbb2a8,0x00000000da200000)
  to   space 11264K, 0% used [0x00000000d8c80000,0x00000000d8c80000,0x00000000d9780000)
 ParOldGen       total 63488K, used 8969K [0x0000000080000000, 0x0000000083e00000, 0x00000000d5580000)
  object space 63488K, 14% used [0x0000000080000000,0x00000000808c2668,0x0000000083e00000)
 Metaspace       used 34156K, capacity 35328K, committed 35416K, reserved 1079296K
  class space    used 4704K, capacity 4973K, committed 4992K, reserved 1048576K
}

