# JRE version: OpenJDK Runtime Environment (8.0_242-b01) (build 1.8.0_242-release-1644-b01)
# Java VM: OpenJDK 64-Bit Server VM (25.242-b01 mixed mode windows-amd64 compressed oops)
Heap:
 PSYoungGen      total 226304K, used 39846K [0x00000000d5580000, 0x00000000e4480000, 0x0000000100000000)
  eden space 207872K, 10% used [0x00000000d5580000,0x00000000d6a6fd58,0x00000000e2080000)
  from space 18432K, 99% used [0x00000000e2080000,0x00000000e3279db8,0x00000000e3280000)
  to   space 12288K, 0% used [0x00000000e3880000,0x00000000e3880000,0x00000000e4480000)
 ParOldGen       total 135168K, used 61500K [0x0000000080000000, 0x0000000088400000, 0x00000000d5580000)
  object space 135168K, 45% used [0x0000000080000000,0x0000000083c0f010,0x0000000088400000)
 Metaspace       used 77266K, capacity 81384K, committed 81496K, reserved 1120256K
  class space    used 10588K, capacity 11377K, committed 11392K, reserved 1048576K
GC Heap History (10 events):
Event: 20.871 GC heap before
{Heap before GC invocations=14 (full 2):
 PSYoungGen      total 145920K, used 83808K [0x00000000d5580000, 0x00000000e2280000, 0x0000000100000000)
  eden space 134656K, 53% used [0x00000000d5580000,0x00000000d9c5c508,0x00000000dd900000)
  from space 11264K, 99% used [0x00000000dd900000,0x00000000de3fbef0,0x00000000de400000)
  to   space 16384K, 0% used [0x00000000e1280000,0x00000000e1280000,0x00000000e2280000)
 ParOldGen       total 86016K, used 24795K [0x0000000080000000, 0x0000000085400000, 0x00000000d5580000)
  object space 86016K, 28% used [0x0000000080000000,0x0000000081836d80,0x0000000085400000)
 Metaspace       used 56504K, capacity 58898K, committed 59028K, reserved 1099776K
  class space    used 7723K, capacity 8176K, committed 8192K, reserved 1048576K
Event: 20.905 GC heap after
Heap after GC invocations=14 (full 2):
 PSYoungGen      total 194560K, used 8475K [0x00000000d5580000, 0x00000000e2580000, 0x0000000100000000)
  eden space 178176K, 0% used [0x00000000d5580000,0x00000000d5580000,0x00000000e0380000)
  from space 16384K, 51% used [0x00000000e1280000,0x00000000e1ac6d48,0x00000000e2280000)
  to   space 15360K, 0% used [0x00000000e0380000,0x00000000e0380000,0x00000000e1280000)
 ParOldGen       total 86016K, used 33150K [0x0000000080000000, 0x0000000085400000, 0x00000000d5580000)
  object space 86016K, 38% used [0x0000000080000000,0x000000008205f8c8,0x0000000085400000)
 Metaspace       used 56504K, capacity 58898K, committed 59028K, reserved 1099776K
  class space    used 7723K, capacity 8176K, committed 8192K, reserved 1048576K
}
Event: 20.905 GC heap before
{Heap before GC invocations=15 (full 3):
 PSYoungGen      total 194560K, used 8475K [0x00000000d5580000, 0x00000000e2580000, 0x0000000100000000)
  eden space 178176K, 0% used [0x00000000d5580000,0x00000000d5580000,0x00000000e0380000)
  from space 16384K, 51% used [0x00000000e1280000,0x00000000e1ac6d48,0x00000000e2280000)
  to   space 15360K, 0% used [0x00000000e0380000,0x00000000e0380000,0x00000000e1280000)
 ParOldGen       total 86016K, used 33150K [0x0000000080000000, 0x0000000085400000, 0x00000000d5580000)
  object space 86016K, 38% used [0x0000000080000000,0x000000008205f8c8,0x0000000085400000)
 Metaspace       used 56504K, capacity 58898K, committed 59028K, reserved 1099776K
  class space    used 7723K, capacity 8176K, committed 8192K, reserved 1048576K
Event: 21.186 GC heap after
Heap after GC invocations=15 (full 3):
 PSYoungGen      total 194560K, used 0K [0x00000000d5580000, 0x00000000e2580000, 0x0000000100000000)
  eden space 178176K, 0% used [0x00000000d5580000,0x00000000d5580000,0x00000000e0380000)
  from space 16384K, 0% used [0x00000000e1280000,0x00000000e1280000,0x00000000e2280000)
  to   space 15360K, 0% used [0x00000000e0380000,0x00000000e0380000,0x00000000e1280000)
 ParOldGen       total 135168K, used 32756K [0x0000000080000000, 0x0000000088400000, 0x00000000d5580000)
  object space 135168K, 24% used [0x0000000080000000,0x0000000081ffd208,0x0000000088400000)
 Metaspace       used 56483K, capacity 58826K, committed 59028K, reserved 1099776K
  class space    used 7717K, capacity 8164K, committed 8192K, reserved 1048576K
}
Event: 35.575 GC heap before
{Heap before GC invocations=16 (full 3):
 PSYoungGen      total 194560K, used 178176K [0x00000000d5580000, 0x00000000e2580000, 0x0000000100000000)
  eden space 178176K, 100% used [0x00000000d5580000,0x00000000e0380000,0x00000000e0380000)
  from space 16384K, 0% used [0x00000000e1280000,0x00000000e1280000,0x00000000e2280000)
  to   space 15360K, 0% used [0x00000000e0380000,0x00000000e0380000,0x00000000e1280000)
 ParOldGen       total 135168K, used 32756K [0x0000000080000000, 0x0000000088400000, 0x00000000d5580000)
  object space 135168K, 24% used [0x0000000080000000,0x0000000081ffd208,0x0000000088400000)
 Metaspace       used 64291K, capacity 67188K, committed 67544K, reserved 1107968K
  class space    used 8835K, capacity 9377K, committed 9472K, reserved 1048576K
Event: 35.603 GC heap after
Heap after GC invocations=16 (full 3):
 PSYoungGen      total 193536K, used 15342K [0x00000000d5580000, 0x00000000e4b00000, 0x0000000100000000)
  eden space 178176K, 0% used [0x00000000d5580000,0x00000000d5580000,0x00000000e0380000)
  from space 15360K, 99% used [0x00000000e0380000,0x00000000e127bb18,0x00000000e1280000)
  to   space 18944K, 0% used [0x00000000e3880000,0x00000000e3880000,0x00000000e4b00000)
 ParOldGen       total 135168K, used 36269K [0x0000000080000000, 0x0000000088400000, 0x00000000d5580000)
  object space 135168K, 26% used [0x0000000080000000,0x000000008236b4d8,0x0000000088400000)
 Metaspace       used 64291K, capacity 67188K, committed 67544K, reserved 1107968K
  class space    used 8835K, capacity 9377K, committed 9472K, reserved 1048576K
}
Event: 73.618 GC heap before
{Heap before GC invocations=17 (full 3):
 PSYoungGen      total 193536K, used 193518K [0x00000000d5580000, 0x00000000e4b00000, 0x0000000100000000)
  eden space 178176K, 100% used [0x00000000d5580000,0x00000000e0380000,0x00000000e0380000)
  from space 15360K, 99% used [0x00000000e0380000,0x00000000e127bb18,0x00000000e1280000)
  to   space 18944K, 0% used [0x00000000e3880000,0x00000000e3880000,0x00000000e4b00000)
 ParOldGen       total 135168K, used 36269K [0x0000000080000000, 0x0000000088400000, 0x00000000d5580000)
  object space 135168K, 26% used [0x0000000080000000,0x000000008236b4d8,0x0000000088400000)
 Metaspace       used 68476K, capacity 71672K, committed 71896K, reserved 1112064K
  class space    used 9266K, capacity 9875K, committed 9984K, reserved 1048576K
Event: 73.653 GC heap after
Heap after GC invocations=17 (full 3):
 PSYoungGen      total 220160K, used 5537K [0x00000000d5580000, 0x00000000e4480000, 0x0000000100000000)
  eden space 207872K, 0% used [0x00000000d5580000,0x00000000d5580000,0x00000000e2080000)
  from space 12288K, 45% used [0x00000000e3880000,0x00000000e3de85c0,0x00000000e4480000)
  to   space 18432K, 0% used [0x00000000e2080000,0x00000000e2080000,0x00000000e3280000)
 ParOldGen       total 135168K, used 44827K [0x0000000080000000, 0x0000000088400000, 0x00000000d5580000)
  object space 135168K, 33% used [0x0000000080000000,0x0000000082bc6d58,0x0000000088400000)
 Metaspace       used 68476K, capacity 71672K, committed 71896K, reserved 1112064K
  class space    used 9266K, capacity 9875K, committed 9984K, reserved 1048576K
}
Event: 77.533 GC heap before
{Heap before GC invocations=18 (full 3):
 PSYoungGen      total 220160K, used 213409K [0x00000000d5580000, 0x00000000e4480000, 0x0000000100000000)
  eden space 207872K, 100% used [0x00000000d5580000,0x00000000e2080000,0x00000000e2080000)
  from space 12288K, 45% used [0x00000000e3880000,0x00000000e3de85c0,0x00000000e4480000)
  to   space 18432K, 0% used [0x00000000e2080000,0x00000000e2080000,0x00000000e3280000)
 ParOldGen       total 135168K, used 44827K [0x0000000080000000, 0x0000000088400000, 0x00000000d5580000)
  object space 135168K, 33% used [0x0000000080000000,0x0000000082bc6d58,0x0000000088400000)
 Metaspace       used 76810K, capacity 80812K, committed 80984K, reserved 1118208K
  class space    used 10552K, capacity 11341K, committed 11392K, reserved 1048576K
Event: 77.595 GC heap after
Heap after GC invocations=18 (full 3):
 PSYoungGen      total 226304K, used 18407K [0x00000000d5580000, 0x00000000e4480000, 0x0000000100000000)
  eden space 207872K, 0% used [0x00000000d5580000,0x00000000d5580000,0x00000000e2080000)
  from space 18432K, 99% used [0x00000000e2080000,0x00000000e3279db8,0x00000000e3280000)
  to   space 12288K, 0% used [0x00000000e3880000,0x00000000e3880000,0x00000000e4480000)
 ParOldGen       total 135168K, used 61500K [0x0000000080000000, 0x0000000088400000, 0x00000000d5580000)
  object space 135168K, 45% used [0x0000000080000000,0x0000000083c0f010,0x0000000088400000)
 Metaspace       used 76810K, capacity 80812K, committed 80984K, reserved 1118208K
  class space    used 10552K, capacity 11341K, committed 11392K, reserved 1048576K
}

