# JRE version: OpenJDK Runtime Environment (8.0_242-b01) (build 1.8.0_242-release-1644-b01)
# Java VM: OpenJDK 64-Bit Server VM (25.242-b01 mixed mode windows-amd64 compressed oops)
Heap:
 PSYoungGen      total 649728K, used 263962K [0x00000000d5580000, 0x0000000100000000, 0x0000000100000000)
  eden space 615936K, 37% used [0x00000000d5580000,0x00000000e3716148,0x00000000faf00000)
  from space 33792K, 99% used [0x00000000fdf00000,0x00000000ffffa578,0x0000000100000000)
  to   space 41472K, 0% used [0x00000000faf00000,0x00000000faf00000,0x00000000fd780000)
 ParOldGen       total 134144K, used 73698K [0x0000000080000000, 0x0000000088300000, 0x00000000d5580000)
  object space 134144K, 54% used [0x0000000080000000,0x00000000847f8a98,0x0000000088300000)
 Metaspace       used 120446K, capacity 126402K, committed 126552K, reserved 1159168K
  class space    used 16174K, capacity 17424K, committed 17536K, reserved 1048576K
GC Heap History (10 events):
Event: 97.598 GC heap before
{Heap before GC invocations=14 (full 3):
 PSYoungGen      total 378368K, used 377836K [0x00000000d5580000, 0x00000000ee480000, 0x0000000100000000)
  eden space 355328K, 100% used [0x00000000d5580000,0x00000000eb080000,0x00000000eb080000)
  from space 23040K, 97% used [0x00000000eca00000,0x00000000edffb358,0x00000000ee080000)
  to   space 26112K, 0% used [0x00000000eb080000,0x00000000eb080000,0x00000000eca00000)
 ParOldGen       total 96768K, used 41752K [0x0000000080000000, 0x0000000085e80000, 0x00000000d5580000)
  object space 96768K, 43% used [0x0000000080000000,0x00000000828c6270,0x0000000085e80000)
 Metaspace       used 76292K, capacity 80226K, committed 80472K, reserved 1118208K
  class space    used 10394K, capacity 11128K, committed 11136K, reserved 1048576K
Event: 97.634 GC heap after
Heap after GC invocations=14 (full 3):
 PSYoungGen      total 381440K, used 11765K [0x00000000d5580000, 0x00000000f7500000, 0x0000000100000000)
  eden space 355328K, 0% used [0x00000000d5580000,0x00000000d5580000,0x00000000eb080000)
  from space 26112K, 45% used [0x00000000eb080000,0x00000000ebbfd6d0,0x00000000eca00000)
  to   space 25088K, 0% used [0x00000000f5c80000,0x00000000f5c80000,0x00000000f7500000)
 ParOldGen       total 96768K, used 54846K [0x0000000080000000, 0x0000000085e80000, 0x00000000d5580000)
  object space 96768K, 56% used [0x0000000080000000,0x000000008358f948,0x0000000085e80000)
 Metaspace       used 76292K, capacity 80226K, committed 80472K, reserved 1118208K
  class space    used 10394K, capacity 11128K, committed 11136K, reserved 1048576K
}
Event: 107.151 GC heap before
{Heap before GC invocations=15 (full 3):
 PSYoungGen      total 381440K, used 367093K [0x00000000d5580000, 0x00000000f7500000, 0x0000000100000000)
  eden space 355328K, 100% used [0x00000000d5580000,0x00000000eb080000,0x00000000eb080000)
  from space 26112K, 45% used [0x00000000eb080000,0x00000000ebbfd6d0,0x00000000eca00000)
  to   space 25088K, 0% used [0x00000000f5c80000,0x00000000f5c80000,0x00000000f7500000)
 ParOldGen       total 96768K, used 54846K [0x0000000080000000, 0x0000000085e80000, 0x00000000d5580000)
  object space 96768K, 56% used [0x0000000080000000,0x000000008358f948,0x0000000085e80000)
 Metaspace       used 80495K, capacity 84694K, committed 84824K, reserved 1122304K
  class space    used 10966K, capacity 11799K, committed 11904K, reserved 1048576K
Event: 107.191 GC heap after
Heap after GC invocations=15 (full 3):
 PSYoungGen      total 520704K, used 25059K [0x00000000d5580000, 0x00000000f7880000, 0x0000000100000000)
  eden space 495616K, 0% used [0x00000000d5580000,0x00000000d5580000,0x00000000f3980000)
  from space 25088K, 99% used [0x00000000f5c80000,0x00000000f74f8e18,0x00000000f7500000)
  to   space 32256K, 0% used [0x00000000f3980000,0x00000000f3980000,0x00000000f5900000)
 ParOldGen       total 96768K, used 64960K [0x0000000080000000, 0x0000000085e80000, 0x00000000d5580000)
  object space 96768K, 67% used [0x0000000080000000,0x0000000083f70358,0x0000000085e80000)
 Metaspace       used 80495K, capacity 84694K, committed 84824K, reserved 1122304K
  class space    used 10966K, capacity 11799K, committed 11904K, reserved 1048576K
}
Event: 1020.918 GC heap before
{Heap before GC invocations=16 (full 3):
 PSYoungGen      total 520704K, used 279724K [0x00000000d5580000, 0x00000000f7880000, 0x0000000100000000)
  eden space 495616K, 51% used [0x00000000d5580000,0x00000000e4e32268,0x00000000f3980000)
  from space 25088K, 99% used [0x00000000f5c80000,0x00000000f74f8e18,0x00000000f7500000)
  to   space 32256K, 0% used [0x00000000f3980000,0x00000000f3980000,0x00000000f5900000)
 ParOldGen       total 96768K, used 64960K [0x0000000080000000, 0x0000000085e80000, 0x00000000d5580000)
  object space 96768K, 67% used [0x0000000080000000,0x0000000083f70358,0x0000000085e80000)
 Metaspace       used 93593K, capacity 98424K, committed 98496K, reserved 1134592K
  class space    used 12424K, capacity 13436K, committed 13440K, reserved 1048576K
Event: 1020.954 GC heap after
Heap after GC invocations=16 (full 3):
 PSYoungGen      total 527872K, used 22404K [0x00000000d5580000, 0x0000000100000000, 0x0000000100000000)
  eden space 495616K, 0% used [0x00000000d5580000,0x00000000d5580000,0x00000000f3980000)
  from space 32256K, 69% used [0x00000000f3980000,0x00000000f4f61270,0x00000000f5900000)
  to   space 33792K, 0% used [0x00000000fdf00000,0x00000000fdf00000,0x0000000100000000)
 ParOldGen       total 96768K, used 67366K [0x0000000080000000, 0x0000000085e80000, 0x00000000d5580000)
  object space 96768K, 69% used [0x0000000080000000,0x00000000841c9b58,0x0000000085e80000)
 Metaspace       used 93593K, capacity 98424K, committed 98496K, reserved 1134592K
  class space    used 12424K, capacity 13436K, committed 13440K, reserved 1048576K
}
Event: 1020.954 GC heap before
{Heap before GC invocations=17 (full 4):
 PSYoungGen      total 527872K, used 22404K [0x00000000d5580000, 0x0000000100000000, 0x0000000100000000)
  eden space 495616K, 0% used [0x00000000d5580000,0x00000000d5580000,0x00000000f3980000)
  from space 32256K, 69% used [0x00000000f3980000,0x00000000f4f61270,0x00000000f5900000)
  to   space 33792K, 0% used [0x00000000fdf00000,0x00000000fdf00000,0x0000000100000000)
 ParOldGen       total 96768K, used 67366K [0x0000000080000000, 0x0000000085e80000, 0x00000000d5580000)
  object space 96768K, 69% used [0x0000000080000000,0x00000000841c9b58,0x0000000085e80000)
 Metaspace       used 93593K, capacity 98424K, committed 98496K, reserved 1134592K
  class space    used 12424K, capacity 13436K, committed 13440K, reserved 1048576K
Event: 1021.235 GC heap after
Heap after GC invocations=17 (full 4):
 PSYoungGen      total 527872K, used 0K [0x00000000d5580000, 0x0000000100000000, 0x0000000100000000)
  eden space 495616K, 0% used [0x00000000d5580000,0x00000000d5580000,0x00000000f3980000)
  from space 32256K, 0% used [0x00000000f3980000,0x00000000f3980000,0x00000000f5900000)
  to   space 33792K, 0% used [0x00000000fdf00000,0x00000000fdf00000,0x0000000100000000)
 ParOldGen       total 134144K, used 66584K [0x0000000080000000, 0x0000000088300000, 0x00000000d5580000)
  object space 134144K, 49% used [0x0000000080000000,0x0000000084106118,0x0000000088300000)
 Metaspace       used 93371K, capacity 97790K, committed 98496K, reserved 1134592K
  class space    used 12350K, capacity 13305K, committed 13440K, reserved 1048576K
}
Event: 1072.103 GC heap before
{Heap before GC invocations=18 (full 4):
 PSYoungGen      total 527872K, used 495616K [0x00000000d5580000, 0x0000000100000000, 0x0000000100000000)
  eden space 495616K, 100% used [0x00000000d5580000,0x00000000f3980000,0x00000000f3980000)
  from space 32256K, 0% used [0x00000000f3980000,0x00000000f3980000,0x00000000f5900000)
  to   space 33792K, 0% used [0x00000000fdf00000,0x00000000fdf00000,0x0000000100000000)
 ParOldGen       total 134144K, used 66584K [0x0000000080000000, 0x0000000088300000, 0x00000000d5580000)
  object space 134144K, 49% used [0x0000000080000000,0x0000000084106118,0x0000000088300000)
 Metaspace       used 112539K, capacity 117646K, committed 117720K, reserved 1150976K
  class space    used 15006K, capacity 16058K, committed 16128K, reserved 1048576K
Event: 1072.163 GC heap after
Heap after GC invocations=18 (full 4):
 PSYoungGen      total 649728K, used 33769K [0x00000000d5580000, 0x0000000100000000, 0x0000000100000000)
  eden space 615936K, 0% used [0x00000000d5580000,0x00000000d5580000,0x00000000faf00000)
  from space 33792K, 99% used [0x00000000fdf00000,0x00000000ffffa578,0x0000000100000000)
  to   space 41472K, 0% used [0x00000000faf00000,0x00000000faf00000,0x00000000fd780000)
 ParOldGen       total 134144K, used 73698K [0x0000000080000000, 0x0000000088300000, 0x00000000d5580000)
  object space 134144K, 54% used [0x0000000080000000,0x00000000847f8a98,0x0000000088300000)
 Metaspace       used 112539K, capacity 117646K, committed 117720K, reserved 1150976K
  class space    used 15006K, capacity 16058K, committed 16128K, reserved 1048576K
}

